<?xml version="1.0" encoding="UTF-8"?>
<!-- Generated by org.testng.reporters.JUnitReportReporter -->
<testsuite hostname="DESKTOP-TQ9MDSJ" failures="0" tests="1" name="Basic.ExcelToJenkins" time="0.599" errors="0" timestamp="2023-12-04T10:23:41 IST" skipped="0">
  <testcase classname="Basic.ExcelToJenkins" name="excel" time="0.599"/>
</testsuite> <!-- Basic.ExcelToJenkins -->
