<?xml version="1.0" encoding="UTF-8"?>
<!-- Generated by org.testng.reporters.JUnitReportReporter -->
<testsuite hostname="DESKTOP-TQ9MDSJ" failures="0" tests="1" name="Basic.PropertyToJenkins" time="33.136" errors="0" timestamp="2023-12-04T10:24:36 IST" skipped="0">
  <testcase classname="Basic.PropertyToJenkins" name="prop" time="33.136"/>
</testsuite> <!-- Basic.PropertyToJenkins -->
