<?xml version="1.0" encoding="UTF-8"?>
<!-- Generated by org.testng.reporters.JUnitReportReporter -->
<testsuite hostname="DESKTOP-TQ9MDSJ" failures="0" tests="3" name="Basic.ExecutionIndividually" time="10.537" errors="0" timestamp="2023-12-04T10:55:40 IST" skipped="0">
  <testcase classname="Basic.ExecutionIndividually" name="swiggy" time="3.251"/>
  <testcase classname="Basic.ExecutionIndividually" name="zomato" time="4.036"/>
  <testcase classname="Basic.ExecutionIndividually" name="facebook" time="3.250"/>
</testsuite> <!-- Basic.ExecutionIndividually -->
